<?xml version="1.0" encoding="UTF-8"?>
<testng-results skipped="0" failed="0" ignored="0" total="1" passed="1">
  <reporter-output>
  </reporter-output>
  <suite name="Default suite" duration-ms="5543" started-at="2020-07-14T21:25:48 COT" finished-at="2020-07-14T21:25:53 COT">
    <groups>
    </groups>
    <test name="Default test" duration-ms="5543" started-at="2020-07-14T21:25:48 COT" finished-at="2020-07-14T21:25:53 COT">
      <class name="secondPackage.NewTest">
        <test-method status="PASS" signature="setUp()[pri:0, instance:secondPackage.NewTest@610694f1]" name="setUp" is-config="true" duration-ms="3372" started-at="2020-07-14T21:25:48 COT" finished-at="2020-07-14T21:25:51 COT">
          <reporter-output>
          </reporter-output>
        </test-method> <!-- setUp -->
        <test-method status="PASS" signature="test()[pri:0, instance:secondPackage.NewTest@610694f1]" name="test" duration-ms="1557" started-at="2020-07-14T21:25:51 COT" finished-at="2020-07-14T21:25:53 COT">
          <reporter-output>
          </reporter-output>
        </test-method> <!-- test -->
        <test-method status="PASS" signature="closeBrowser()[pri:0, instance:secondPackage.NewTest@610694f1]" name="closeBrowser" is-config="true" duration-ms="595" started-at="2020-07-14T21:25:53 COT" finished-at="2020-07-14T21:25:53 COT">
          <reporter-output>
          </reporter-output>
        </test-method> <!-- closeBrowser -->
      </class> <!-- secondPackage.NewTest -->
    </test> <!-- Default test -->
  </suite> <!-- Default suite -->
</testng-results>
